<?xml version="1.0" encoding="UTF-8"?>
<!-- Generated by org.testng.reporters.JUnitReportReporter -->
<testsuite hostname="DESKTOP-J8H0I4F" failures="0" tests="1" name="testNG.CreateOrganizationTest" time="45.006" errors="0" timestamp="2025-03-06T16:49:43 IST" skipped="0">
  <testcase classname="testNG.CreateOrganizationTest" name="createOrgTest" time="45.006"/>
</testsuite> <!-- testNG.CreateOrganizationTest -->
