<?xml version="1.0" encoding="UTF-8"?>
<!-- Generated by org.testng.reporters.JUnitReportReporter -->
<testsuite hostname="DESKTOP-J8H0I4F" failures="0" tests="2" name="testNG.CreateCampaignTest" time="74.552" errors="0" timestamp="2025-03-06T16:55:55 IST" skipped="0">
  <testcase classname="testNG.CreateCampaignTest" name="m2" time="20.880"/>
  <testcase classname="testNG.CreateCampaignTest" name="createCampaignTest" time="53.672"/>
</testsuite> <!-- testNG.CreateCampaignTest -->
