<?xml version="1.0" encoding="UTF-8"?>
<!-- Generated by org.testng.reporters.JUnitReportReporter -->
<testsuite hostname="DESKTOP-J8H0I4F" failures="0" tests="1" name="testNG.CreateProductTest" time="98.082" errors="0" timestamp="2025-03-06T16:49:43 IST" skipped="0">
  <testcase classname="testNG.CreateProductTest" name="createProductTest" time="98.082"/>
</testsuite> <!-- testNG.CreateProductTest -->
