<?xml version="1.0" encoding="UTF-8"?>
<!-- Generated by org.testng.reporters.JUnitReportReporter -->
<testsuite hostname="DESKTOP-J8H0I4F" failures="0" tests="3" name="testNG.sampleTest" time="0.022" errors="0" timestamp="2025-02-24T15:34:31 IST" skipped="0">
  <testcase classname="testNG.sampleTest" name="deleteProduct" time="0.003"/>
  <testcase classname="testNG.sampleTest" name="createProduct" time="0.010"/>
  <testcase classname="testNG.sampleTest" name="modifyProduct" time="0.009"/>
</testsuite> <!-- testNG.sampleTest -->
