<?xml version="1.0" encoding="UTF-8"?>
<!-- Generated by org.testng.reporters.JUnitReportReporter -->
<testsuite hostname="DESKTOP-J8H0I4F" failures="0" tests="1" name="testNG.CreateProductTest" time="57.610" errors="0" timestamp="2025-02-25T15:58:37 IST" skipped="0">
  <testcase classname="testNG.CreateProductTest" name="createProductTest" time="57.610"/>
</testsuite> <!-- testNG.CreateProductTest -->
