<?xml version="1.0" encoding="UTF-8"?>
<!-- Generated by org.testng.reporters.JUnitReportReporter -->
<testsuite hostname="DESKTOP-J8H0I4F" failures="0" tests="1" name="testNG.HardAssert" time="0.032" errors="0" timestamp="2025-02-27T15:57:52 IST" skipped="0">
  <testcase classname="testNG.HardAssert" name="m5" time="0.032"/>
</testsuite> <!-- testNG.HardAssert -->
