<?xml version="1.0" encoding="UTF-8"?>
<!-- Generated by org.testng.reporters.JUnitReportReporter -->
<testsuite hostname="DESKTOP-J8H0I4F" failures="0" tests="2" name="testNG.CreateCampaignTest" time="39.681" errors="0" timestamp="2025-03-13T10:56:36 IST" skipped="0">
  <testcase classname="testNG.CreateCampaignTest" name="createCampaignTest" time="31.206"/>
  <testcase classname="testNG.CreateCampaignTest" name="m2" time="8.475"/>
</testsuite> <!-- testNG.CreateCampaignTest -->
