<?xml version="1.0" encoding="UTF-8"?>
<!-- Generated by org.testng.reporters.JUnitReportReporter -->
<testsuite hostname="DESKTOP-J8H0I4F" failures="0" tests="1" name="testNG.CreateCampaignWithProductTest" time="68.484" errors="0" timestamp="2025-03-05T12:04:32 IST" skipped="0">
  <testcase classname="testNG.CreateCampaignWithProductTest" name="createCampWithProdTest" time="68.484"/>
</testsuite> <!-- testNG.CreateCampaignWithProductTest -->
