<?xml version="1.0" encoding="UTF-8"?>
<!-- Generated by org.testng.reporters.JUnitReportReporter -->
<testsuite hostname="DESKTOP-J8H0I4F" failures="0" tests="1" name="testNG.CreateAndDeleteProductTest" time="57.964" errors="0" timestamp="2025-02-25T16:58:32 IST" skipped="0">
  <testcase classname="testNG.CreateAndDeleteProductTest" name="createAndDeleteProductTest" time="57.964"/>
</testsuite> <!-- testNG.CreateAndDeleteProductTest -->
