<?xml version="1.0" encoding="UTF-8"?>
<!-- Generated by org.testng.reporters.JUnitReportReporter -->
<testsuite hostname="DESKTOP-J8H0I4F" failures="0" tests="1" name="testNG.CreateOrganizationTest" time="32.998" errors="0" timestamp="2025-02-24T22:32:49 IST" skipped="0">
  <testcase classname="testNG.CreateOrganizationTest" name="createOrgTest" time="32.998"/>
</testsuite> <!-- testNG.CreateOrganizationTest -->
