<?xml version="1.0" encoding="UTF-8"?>
<!-- Generated by org.testng.reporters.JUnitReportReporter -->
<testsuite hostname="DESKTOP-J8H0I4F" failures="0" tests="1" name="testNG.Sample1" time="0.038" errors="0" timestamp="2025-02-25T16:08:56 IST" skipped="0">
  <testcase classname="testNG.Sample1" name="test1" time="0.038"/>
</testsuite> <!-- testNG.Sample1 -->
