<?xml version="1.0" encoding="UTF-8"?>
<!-- Generated by org.testng.reporters.JUnitReportReporter -->
<testsuite hostname="DESKTOP-J8H0I4F" failures="0" tests="1" name="testNG.CreateCampaignTest" time="42.711" errors="0" timestamp="2025-03-05T16:18:47 IST" skipped="0">
  <testcase classname="testNG.CreateCampaignTest" name="createCampaignTest" time="42.711"/>
</testsuite> <!-- testNG.CreateCampaignTest -->
